[2024-01-29 13:05:51,833] INFO Registered kafka:type=kafka.Log4jController MBean (kafka.utils.Log4jControllerRegistration$)
[2024-01-29 13:05:52,091] INFO Setting -D jdk.tls.rejectClientInitiatedRenegotiation=true to disable client-initiated TLS renegotiation (org.apache.zookeeper.common.X509Util)
[2024-01-29 13:05:52,222] INFO Registered signal handlers for TERM, INT, HUP (org.apache.kafka.common.utils.LoggingSignalHandler)
[2024-01-29 13:05:52,224] INFO [ControllerServer id=1] Starting controller (kafka.server.ControllerServer)
[2024-01-29 13:05:52,239] INFO authorizerStart completed for endpoint CONTROLLER. Endpoint is now READY. (org.apache.kafka.server.network.EndpointReadyFutures)
[2024-01-29 13:05:52,498] INFO Updated connection-accept-rate max connection creation rate to 2147483647 (kafka.network.ConnectionQuotas)
[2024-01-29 13:05:52,531] INFO [SocketServer listenerType=CONTROLLER, nodeId=1] Created data-plane acceptor and processors for endpoint : ListenerName(CONTROLLER) (kafka.network.SocketServer)
[2024-01-29 13:05:52,532] INFO [SharedServer id=1] Starting SharedServer (kafka.server.SharedServer)
[2024-01-29 13:05:52,588] INFO [LogLoader partition=__cluster_metadata-0, dir=/tmp/kraft-combined-logs] Loading producer state till offset 0 with message format version 2 (kafka.log.UnifiedLog$)
[2024-01-29 13:05:52,589] INFO [LogLoader partition=__cluster_metadata-0, dir=/tmp/kraft-combined-logs] Reloading from producer snapshot and rebuilding producer state from offset 0 (kafka.log.UnifiedLog$)
[2024-01-29 13:05:52,589] INFO [LogLoader partition=__cluster_metadata-0, dir=/tmp/kraft-combined-logs] Producer state recovery took 0ms for snapshot load and 0ms for segment recovery from offset 0 (kafka.log.UnifiedLog$)
[2024-01-29 13:05:52,623] INFO Initialized snapshots with IDs SortedSet() from /tmp/kraft-combined-logs/__cluster_metadata-0 (kafka.raft.KafkaMetadataLog$)
[2024-01-29 13:05:52,638] INFO [raft-expiration-reaper]: Starting (kafka.raft.TimingWheelExpirationService$ExpiredOperationReaper)
[2024-01-29 13:05:52,783] INFO [RaftManager id=1] Completed transition to Unattached(epoch=0, voters=[1], electionTimeoutMs=1361) from null (org.apache.kafka.raft.QuorumState)
[2024-01-29 13:05:52,808] INFO [RaftManager id=1] Completed transition to CandidateState(localId=1, epoch=1, retries=1, voteStates={1=GRANTED}, highWatermark=Optional.empty, electionTimeoutMs=1517) from Unattached(epoch=0, voters=[1], electionTimeoutMs=1361) (org.apache.kafka.raft.QuorumState)
[2024-01-29 13:05:52,836] INFO [RaftManager id=1] Completed transition to Leader(localId=1, epoch=1, epochStartOffset=0, highWatermark=Optional.empty, voterStates={1=ReplicaState(nodeId=1, endOffset=Optional.empty, lastFetchTimestamp=-1, lastCaughtUpTimestamp=-1, hasAcknowledgedLeader=true)}) from CandidateState(localId=1, epoch=1, retries=1, voteStates={1=GRANTED}, highWatermark=Optional.empty, electionTimeoutMs=1517) (org.apache.kafka.raft.QuorumState)
[2024-01-29 13:05:52,881] INFO [kafka-1-raft-outbound-request-thread]: Starting (kafka.raft.RaftSendThread)
[2024-01-29 13:05:52,881] INFO [kafka-1-raft-io-thread]: Starting (kafka.raft.KafkaRaftManager$RaftIoThread)
[2024-01-29 13:05:52,898] INFO [RaftManager id=1] High watermark set to LogOffsetMetadata(offset=1, metadata=Optional[(segmentBaseOffset=0,relativePositionInSegment=91)]) for the first time for epoch 1 based on indexOfHw 0 and voters [ReplicaState(nodeId=1, endOffset=Optional[LogOffsetMetadata(offset=1, metadata=Optional[(segmentBaseOffset=0,relativePositionInSegment=91)])], lastFetchTimestamp=-1, lastCaughtUpTimestamp=-1, hasAcknowledgedLeader=true)] (org.apache.kafka.raft.LeaderState)
[2024-01-29 13:05:52,905] INFO [MetadataLoader id=1] initializeNewPublishers: The loader is still catching up because we have loaded up to offset -1, but the high water mark is 1 (org.apache.kafka.image.loader.MetadataLoader)
[2024-01-29 13:05:52,906] INFO [ControllerServer id=1] Waiting for controller quorum voters future (kafka.server.ControllerServer)
[2024-01-29 13:05:52,922] INFO [ControllerServer id=1] Finished waiting for controller quorum voters future (kafka.server.ControllerServer)
[2024-01-29 13:05:52,942] INFO [RaftManager id=1] Registered the listener org.apache.kafka.image.loader.MetadataLoader@1328964619 (org.apache.kafka.raft.KafkaRaftClient)
[2024-01-29 13:05:52,949] INFO [RaftManager id=1] Registered the listener org.apache.kafka.controller.QuorumController$QuorumMetaLogListener@671199936 (org.apache.kafka.raft.KafkaRaftClient)
[2024-01-29 13:05:52,950] INFO [MetadataLoader id=1] maybePublishMetadata(LOG_DELTA): The loader is still catching up because we have not loaded a controller record as of offset 0 and high water mark is 1 (org.apache.kafka.image.loader.MetadataLoader)
[2024-01-29 13:05:52,954] INFO [controller-1-ThrottledChannelReaper-Fetch]: Starting (kafka.server.ClientQuotaManager$ThrottledChannelReaper)
[2024-01-29 13:05:52,955] INFO [controller-1-ThrottledChannelReaper-Produce]: Starting (kafka.server.ClientQuotaManager$ThrottledChannelReaper)
[2024-01-29 13:05:52,956] INFO [controller-1-ThrottledChannelReaper-Request]: Starting (kafka.server.ClientQuotaManager$ThrottledChannelReaper)
[2024-01-29 13:05:52,957] INFO [controller-1-ThrottledChannelReaper-ControllerMutation]: Starting (kafka.server.ClientQuotaManager$ThrottledChannelReaper)
[2024-01-29 13:05:52,970] INFO [ExpirationReaper-1-AlterAcls]: Starting (kafka.server.DelayedOperationPurgatory$ExpiredOperationReaper)
[2024-01-29 13:05:52,977] INFO [ControllerServer id=1] Waiting for the controller metadata publishers to be installed (kafka.server.ControllerServer)
[2024-01-29 13:05:52,977] INFO [MetadataLoader id=1] initializeNewPublishers: The loader finished catching up to the current high water mark of 1 (org.apache.kafka.image.loader.MetadataLoader)
[2024-01-29 13:05:52,977] INFO [ControllerServer id=1] Finished waiting for the controller metadata publishers to be installed (kafka.server.ControllerServer)
[2024-01-29 13:05:52,978] INFO [SocketServer listenerType=CONTROLLER, nodeId=1] Enabling request processing. (kafka.network.SocketServer)
[2024-01-29 13:05:52,982] INFO [MetadataLoader id=1] InitializeNewPublishers: initializing SnapshotGenerator with a snapshot at offset 0 (org.apache.kafka.image.loader.MetadataLoader)
[2024-01-29 13:05:52,982] INFO [MetadataLoader id=1] InitializeNewPublishers: initializing FeaturesPublisher with a snapshot at offset 0 (org.apache.kafka.image.loader.MetadataLoader)
[2024-01-29 13:05:52,983] INFO [MetadataLoader id=1] InitializeNewPublishers: initializing DynamicConfigPublisher controller id=1 with a snapshot at offset 0 (org.apache.kafka.image.loader.MetadataLoader)
[2024-01-29 13:05:52,984] INFO [MetadataLoader id=1] InitializeNewPublishers: initializing DynamicClientQuotaPublisher controller id=1 with a snapshot at offset 0 (org.apache.kafka.image.loader.MetadataLoader)
[2024-01-29 13:05:52,986] INFO [MetadataLoader id=1] InitializeNewPublishers: initializing ScramPublisher controller id=1 with a snapshot at offset 0 (org.apache.kafka.image.loader.MetadataLoader)
[2024-01-29 13:05:52,987] INFO [MetadataLoader id=1] InitializeNewPublishers: initializing DelegationTokenPublisher controller id=1 with a snapshot at offset 0 (org.apache.kafka.image.loader.MetadataLoader)
[2024-01-29 13:05:52,988] INFO [MetadataLoader id=1] InitializeNewPublishers: initializing ControllerMetadataMetricsPublisher with a snapshot at offset 0 (org.apache.kafka.image.loader.MetadataLoader)
[2024-01-29 13:05:52,988] INFO [MetadataLoader id=1] InitializeNewPublishers: initializing AclPublisher controller id=1 with a snapshot at offset 0 (org.apache.kafka.image.loader.MetadataLoader)
[2024-01-29 13:05:52,990] INFO Awaiting socket connections on 0.0.0.0:9093. (kafka.network.DataPlaneAcceptor)
[2024-01-29 13:05:53,012] INFO [ControllerServer id=1] Waiting for all of the authorizer futures to be completed (kafka.server.ControllerServer)
[2024-01-29 13:05:53,012] INFO [ControllerServer id=1] Finished waiting for all of the authorizer futures to be completed (kafka.server.ControllerServer)
[2024-01-29 13:05:53,012] INFO [ControllerServer id=1] Waiting for all of the SocketServer Acceptors to be started (kafka.server.ControllerServer)
[2024-01-29 13:05:53,012] INFO [ControllerServer id=1] Finished waiting for all of the SocketServer Acceptors to be started (kafka.server.ControllerServer)
[2024-01-29 13:05:53,014] INFO [BrokerServer id=1] Transition from SHUTDOWN to STARTING (kafka.server.BrokerServer)
[2024-01-29 13:05:53,015] INFO [BrokerServer id=1] Starting broker (kafka.server.BrokerServer)
[2024-01-29 13:05:53,026] INFO [broker-1-ThrottledChannelReaper-Fetch]: Starting (kafka.server.ClientQuotaManager$ThrottledChannelReaper)
[2024-01-29 13:05:53,026] INFO [broker-1-ThrottledChannelReaper-Produce]: Starting (kafka.server.ClientQuotaManager$ThrottledChannelReaper)
[2024-01-29 13:05:53,026] INFO [broker-1-ThrottledChannelReaper-Request]: Starting (kafka.server.ClientQuotaManager$ThrottledChannelReaper)
[2024-01-29 13:05:53,026] INFO [broker-1-ThrottledChannelReaper-ControllerMutation]: Starting (kafka.server.ClientQuotaManager$ThrottledChannelReaper)
[2024-01-29 13:05:53,047] INFO [BrokerServer id=1] Waiting for controller quorum voters future (kafka.server.BrokerServer)
[2024-01-29 13:05:53,047] INFO [BrokerServer id=1] Finished waiting for controller quorum voters future (kafka.server.BrokerServer)
[2024-01-29 13:05:53,054] INFO [broker-1-to-controller-forwarding-channel-manager]: Starting (kafka.server.BrokerToControllerRequestThread)
[2024-01-29 13:05:53,055] INFO [broker-1-to-controller-forwarding-channel-manager]: Recorded new controller, from now on will use node localhost:9093 (id: 1 rack: null) (kafka.server.BrokerToControllerRequestThread)
[2024-01-29 13:05:53,086] INFO Updated connection-accept-rate max connection creation rate to 2147483647 (kafka.network.ConnectionQuotas)
[2024-01-29 13:05:53,092] INFO [SocketServer listenerType=BROKER, nodeId=1] Created data-plane acceptor and processors for endpoint : ListenerName(PLAINTEXT) (kafka.network.SocketServer)
[2024-01-29 13:05:53,096] INFO [broker-1-to-controller-alter-partition-channel-manager]: Starting (kafka.server.BrokerToControllerRequestThread)
[2024-01-29 13:05:53,096] INFO [broker-1-to-controller-alter-partition-channel-manager]: Recorded new controller, from now on will use node localhost:9093 (id: 1 rack: null) (kafka.server.BrokerToControllerRequestThread)
[2024-01-29 13:05:53,116] INFO [ExpirationReaper-1-Produce]: Starting (kafka.server.DelayedOperationPurgatory$ExpiredOperationReaper)
[2024-01-29 13:05:53,117] INFO [ExpirationReaper-1-Fetch]: Starting (kafka.server.DelayedOperationPurgatory$ExpiredOperationReaper)
[2024-01-29 13:05:53,118] INFO [ExpirationReaper-1-DeleteRecords]: Starting (kafka.server.DelayedOperationPurgatory$ExpiredOperationReaper)
[2024-01-29 13:05:53,118] INFO [ExpirationReaper-1-ElectLeader]: Starting (kafka.server.DelayedOperationPurgatory$ExpiredOperationReaper)
[2024-01-29 13:05:53,118] INFO [ExpirationReaper-1-RemoteFetch]: Starting (kafka.server.DelayedOperationPurgatory$ExpiredOperationReaper)
[2024-01-29 13:05:53,132] INFO [ExpirationReaper-1-Heartbeat]: Starting (kafka.server.DelayedOperationPurgatory$ExpiredOperationReaper)
[2024-01-29 13:05:53,132] INFO [ExpirationReaper-1-Rebalance]: Starting (kafka.server.DelayedOperationPurgatory$ExpiredOperationReaper)
[2024-01-29 13:05:53,161] INFO [broker-1-to-controller-heartbeat-channel-manager]: Starting (kafka.server.BrokerToControllerRequestThread)
[2024-01-29 13:05:53,162] INFO [broker-1-to-controller-heartbeat-channel-manager]: Recorded new controller, from now on will use node localhost:9093 (id: 1 rack: null) (kafka.server.BrokerToControllerRequestThread)
[2024-01-29 13:05:53,165] INFO [BrokerLifecycleManager id=1] Incarnation RYqkpzDLTDSehD3ILacb9Q of broker 1 in cluster MeBurChOQ9SDXQ0-QvEkGg is now STARTING. (kafka.server.BrokerLifecycleManager)
[2024-01-29 13:05:53,187] INFO [ExpirationReaper-1-AlterAcls]: Starting (kafka.server.DelayedOperationPurgatory$ExpiredOperationReaper)
[2024-01-29 13:05:53,202] INFO [BrokerServer id=1] Waiting for the broker metadata publishers to be installed (kafka.server.BrokerServer)
[2024-01-29 13:05:53,202] INFO [BrokerServer id=1] Finished waiting for the broker metadata publishers to be installed (kafka.server.BrokerServer)
[2024-01-29 13:05:53,202] INFO [BrokerServer id=1] Waiting for the controller to acknowledge that we are caught up (kafka.server.BrokerServer)
[2024-01-29 13:05:53,202] INFO [MetadataLoader id=1] InitializeNewPublishers: initializing BrokerMetadataPublisher with a snapshot at offset 4 (org.apache.kafka.image.loader.MetadataLoader)
[2024-01-29 13:05:53,203] INFO [BrokerMetadataPublisher id=1] Publishing initial metadata at offset OffsetAndEpoch(offset=4, epoch=1) with metadata.version 3.6-IV2. (kafka.server.metadata.BrokerMetadataPublisher)
[2024-01-29 13:05:53,203] INFO Loading logs from log dirs ArraySeq(/tmp/kraft-combined-logs) (kafka.log.LogManager)
[2024-01-29 13:05:53,207] INFO No logs found to be loaded in /tmp/kraft-combined-logs (kafka.log.LogManager)
[2024-01-29 13:05:53,210] INFO Loaded 0 logs in 7ms (kafka.log.LogManager)
[2024-01-29 13:05:53,211] INFO Starting log cleanup with a period of 300000 ms. (kafka.log.LogManager)
[2024-01-29 13:05:53,212] INFO Starting log flusher with a default period of 9223372036854775807 ms. (kafka.log.LogManager)
[2024-01-29 13:05:53,262] INFO [BrokerLifecycleManager id=1] Successfully registered broker 1 with broker epoch 5 (kafka.server.BrokerLifecycleManager)
[2024-01-29 13:05:53,293] INFO [kafka-log-cleaner-thread-0]: Starting (kafka.log.LogCleaner$CleanerThread)
[2024-01-29 13:05:53,294] INFO [LogDirFailureHandler]: Starting (kafka.server.ReplicaManager$LogDirFailureHandler)
[2024-01-29 13:05:53,294] INFO [AddPartitionsToTxnSenderThread-1]: Starting (kafka.server.AddPartitionsToTxnManager)
[2024-01-29 13:05:53,295] INFO [GroupCoordinator 1]: Starting up. (kafka.coordinator.group.GroupCoordinator)
[2024-01-29 13:05:53,297] INFO [GroupCoordinator 1]: Startup complete. (kafka.coordinator.group.GroupCoordinator)
[2024-01-29 13:05:53,298] INFO [TransactionCoordinator id=1] Starting up. (kafka.coordinator.transaction.TransactionCoordinator)
[2024-01-29 13:05:53,299] INFO [TxnMarkerSenderThread-1]: Starting (kafka.coordinator.transaction.TransactionMarkerChannelManager)
[2024-01-29 13:05:53,299] INFO [TransactionCoordinator id=1] Startup complete. (kafka.coordinator.transaction.TransactionCoordinator)
[2024-01-29 13:05:53,300] INFO [BrokerMetadataPublisher id=1] Updating metadata.version to 14 at offset OffsetAndEpoch(offset=4, epoch=1). (kafka.server.metadata.BrokerMetadataPublisher)
[2024-01-29 13:05:53,308] INFO [BrokerLifecycleManager id=1] The broker has caught up. Transitioning from STARTING to RECOVERY. (kafka.server.BrokerLifecycleManager)
[2024-01-29 13:05:53,308] INFO [BrokerServer id=1] Finished waiting for the controller to acknowledge that we are caught up (kafka.server.BrokerServer)
[2024-01-29 13:05:53,308] INFO [BrokerServer id=1] Waiting for the initial broker metadata update to be published (kafka.server.BrokerServer)
[2024-01-29 13:05:53,308] INFO [BrokerServer id=1] Finished waiting for the initial broker metadata update to be published (kafka.server.BrokerServer)
[2024-01-29 13:05:53,309] INFO KafkaConfig values: 
	advertised.listeners = PLAINTEXT://localhost:9092
	alter.config.policy.class.name = null
	alter.log.dirs.replication.quota.window.num = 11
	alter.log.dirs.replication.quota.window.size.seconds = 1
	authorizer.class.name = 
	auto.create.topics.enable = true
	auto.include.jmx.reporter = true
	auto.leader.rebalance.enable = true
	background.threads = 10
	broker.heartbeat.interval.ms = 2000
	broker.id = 1
	broker.id.generation.enable = true
	broker.rack = null
	broker.session.timeout.ms = 9000
	client.quota.callback.class = null
	compression.type = producer
	connection.failed.authentication.delay.ms = 100
	connections.max.idle.ms = 600000
	connections.max.reauth.ms = 0
	control.plane.listener.name = null
	controlled.shutdown.enable = true
	controlled.shutdown.max.retries = 3
	controlled.shutdown.retry.backoff.ms = 5000
	controller.listener.names = CONTROLLER
	controller.quorum.append.linger.ms = 25
	controller.quorum.election.backoff.max.ms = 1000
	controller.quorum.election.timeout.ms = 1000
	controller.quorum.fetch.timeout.ms = 2000
	controller.quorum.request.timeout.ms = 2000
	controller.quorum.retry.backoff.ms = 20
	controller.quorum.voters = [1@localhost:9093]
	controller.quota.window.num = 11
	controller.quota.window.size.seconds = 1
	controller.socket.timeout.ms = 30000
	create.topic.policy.class.name = null
	default.replication.factor = 1
	delegation.token.expiry.check.interval.ms = 3600000
	delegation.token.expiry.time.ms = 86400000
	delegation.token.master.key = null
	delegation.token.max.lifetime.ms = 604800000
	delegation.token.secret.key = null
	delete.records.purgatory.purge.interval.requests = 1
	delete.topic.enable = true
	early.start.listeners = null
	fetch.max.bytes = 57671680
	fetch.purgatory.purge.interval.requests = 1000
	group.consumer.assignors = [org.apache.kafka.coordinator.group.assignor.RangeAssignor]
	group.consumer.heartbeat.interval.ms = 5000
	group.consumer.max.heartbeat.interval.ms = 15000
	group.consumer.max.session.timeout.ms = 60000
	group.consumer.max.size = 2147483647
	group.consumer.min.heartbeat.interval.ms = 5000
	group.consumer.min.session.timeout.ms = 45000
	group.consumer.session.timeout.ms = 45000
	group.coordinator.new.enable = false
	group.coordinator.threads = 1
	group.initial.rebalance.delay.ms = 3000
	group.max.session.timeout.ms = 1800000
	group.max.size = 2147483647
	group.min.session.timeout.ms = 6000
	initial.broker.registration.timeout.ms = 60000
	inter.broker.listener.name = PLAINTEXT
	inter.broker.protocol.version = 3.6-IV2
	kafka.metrics.polling.interval.secs = 10
	kafka.metrics.reporters = []
	leader.imbalance.check.interval.seconds = 300
	leader.imbalance.per.broker.percentage = 10
	listener.security.protocol.map = CONTROLLER:PLAINTEXT,PLAINTEXT:PLAINTEXT,SSL:SSL,SASL_PLAINTEXT:SASL_PLAINTEXT,SASL_SSL:SASL_SSL
	listeners = PLAINTEXT://:9092,CONTROLLER://:9093
	log.cleaner.backoff.ms = 15000
	log.cleaner.dedupe.buffer.size = 134217728
	log.cleaner.delete.retention.ms = 86400000
	log.cleaner.enable = true
	log.cleaner.io.buffer.load.factor = 0.9
	log.cleaner.io.buffer.size = 524288
	log.cleaner.io.max.bytes.per.second = 1.7976931348623157E308
	log.cleaner.max.compaction.lag.ms = 9223372036854775807
	log.cleaner.min.cleanable.ratio = 0.5
	log.cleaner.min.compaction.lag.ms = 0
	log.cleaner.threads = 1
	log.cleanup.policy = [delete]
	log.dir = /tmp/kafka-logs
	log.dirs = /tmp/kraft-combined-logs
	log.flush.interval.messages = 9223372036854775807
	log.flush.interval.ms = null
	log.flush.offset.checkpoint.interval.ms = 60000
	log.flush.scheduler.interval.ms = 9223372036854775807
	log.flush.start.offset.checkpoint.interval.ms = 60000
	log.index.interval.bytes = 4096
	log.index.size.max.bytes = 10485760
	log.local.retention.bytes = -2
	log.local.retention.ms = -2
	log.message.downconversion.enable = true
	log.message.format.version = 3.0-IV1
	log.message.timestamp.after.max.ms = 9223372036854775807
	log.message.timestamp.before.max.ms = 9223372036854775807
	log.message.timestamp.difference.max.ms = 9223372036854775807
	log.message.timestamp.type = CreateTime
	log.preallocate = false
	log.retention.bytes = -1
	log.retention.check.interval.ms = 300000
	log.retention.hours = 168
	log.retention.minutes = null
	log.retention.ms = null
	log.roll.hours = 168
	log.roll.jitter.hours = 0
	log.roll.jitter.ms = null
	log.roll.ms = null
	log.segment.bytes = 1073741824
	log.segment.delete.delay.ms = 60000
	max.connection.creation.rate = 2147483647
	max.connections = 2147483647
	max.connections.per.ip = 2147483647
	max.connections.per.ip.overrides = 
	max.incremental.fetch.session.cache.slots = 1000
	message.max.bytes = 1048588
	metadata.log.dir = null
	metadata.log.max.record.bytes.between.snapshots = 20971520
	metadata.log.max.snapshot.interval.ms = 3600000
	metadata.log.segment.bytes = 1073741824
	metadata.log.segment.min.bytes = 8388608
	metadata.log.segment.ms = 604800000
	metadata.max.idle.interval.ms = 500
	metadata.max.retention.bytes = 104857600
	metadata.max.retention.ms = 604800000
	metric.reporters = []
	metrics.num.samples = 2
	metrics.recording.level = INFO
	metrics.sample.window.ms = 30000
	min.insync.replicas = 1
	node.id = 1
	num.io.threads = 8
	num.network.threads = 3
	num.partitions = 1
	num.recovery.threads.per.data.dir = 1
	num.replica.alter.log.dirs.threads = null
	num.replica.fetchers = 1
	offset.metadata.max.bytes = 4096
	offsets.commit.required.acks = -1
	offsets.commit.timeout.ms = 5000
	offsets.load.buffer.size = 5242880
	offsets.retention.check.interval.ms = 600000
	offsets.retention.minutes = 10080
	offsets.topic.compression.codec = 0
	offsets.topic.num.partitions = 50
	offsets.topic.replication.factor = 1
	offsets.topic.segment.bytes = 104857600
	password.encoder.cipher.algorithm = AES/CBC/PKCS5Padding
	password.encoder.iterations = 4096
	password.encoder.key.length = 128
	password.encoder.keyfactory.algorithm = null
	password.encoder.old.secret = null
	password.encoder.secret = null
	principal.builder.class = class org.apache.kafka.common.security.authenticator.DefaultKafkaPrincipalBuilder
	process.roles = [broker, controller]
	producer.id.expiration.check.interval.ms = 600000
	producer.id.expiration.ms = 86400000
	producer.purgatory.purge.interval.requests = 1000
	queued.max.request.bytes = -1
	queued.max.requests = 500
	quota.window.num = 11
	quota.window.size.seconds = 1
	remote.log.index.file.cache.total.size.bytes = 1073741824
	remote.log.manager.task.interval.ms = 30000
	remote.log.manager.task.retry.backoff.max.ms = 30000
	remote.log.manager.task.retry.backoff.ms = 500
	remote.log.manager.task.retry.jitter = 0.2
	remote.log.manager.thread.pool.size = 10
	remote.log.metadata.custom.metadata.max.bytes = 128
	remote.log.metadata.manager.class.name = org.apache.kafka.server.log.remote.metadata.storage.TopicBasedRemoteLogMetadataManager
	remote.log.metadata.manager.class.path = null
	remote.log.metadata.manager.impl.prefix = rlmm.config.
	remote.log.metadata.manager.listener.name = null
	remote.log.reader.max.pending.tasks = 100
	remote.log.reader.threads = 10
	remote.log.storage.manager.class.name = null
	remote.log.storage.manager.class.path = null
	remote.log.storage.manager.impl.prefix = rsm.config.
	remote.log.storage.system.enable = false
	replica.fetch.backoff.ms = 1000
	replica.fetch.max.bytes = 1048576
	replica.fetch.min.bytes = 1
	replica.fetch.response.max.bytes = 10485760
	replica.fetch.wait.max.ms = 500
	replica.high.watermark.checkpoint.interval.ms = 5000
	replica.lag.time.max.ms = 30000
	replica.selector.class = null
	replica.socket.receive.buffer.bytes = 65536
	replica.socket.timeout.ms = 30000
	replication.quota.window.num = 11
	replication.quota.window.size.seconds = 1
	request.timeout.ms = 30000
	reserved.broker.max.id = 1000
	sasl.client.callback.handler.class = null
	sasl.enabled.mechanisms = [GSSAPI]
	sasl.jaas.config = null
	sasl.kerberos.kinit.cmd = /usr/bin/kinit
	sasl.kerberos.min.time.before.relogin = 60000
	sasl.kerberos.principal.to.local.rules = [DEFAULT]
	sasl.kerberos.service.name = null
	sasl.kerberos.ticket.renew.jitter = 0.05
	sasl.kerberos.ticket.renew.window.factor = 0.8
	sasl.login.callback.handler.class = null
	sasl.login.class = null
	sasl.login.connect.timeout.ms = null
	sasl.login.read.timeout.ms = null
	sasl.login.refresh.buffer.seconds = 300
	sasl.login.refresh.min.period.seconds = 60
	sasl.login.refresh.window.factor = 0.8
	sasl.login.refresh.window.jitter = 0.05
	sasl.login.retry.backoff.max.ms = 10000
	sasl.login.retry.backoff.ms = 100
	sasl.mechanism.controller.protocol = GSSAPI
	sasl.mechanism.inter.broker.protocol = GSSAPI
	sasl.oauthbearer.clock.skew.seconds = 30
	sasl.oauthbearer.expected.audience = null
	sasl.oauthbearer.expected.issuer = null
	sasl.oauthbearer.jwks.endpoint.refresh.ms = 3600000
	sasl.oauthbearer.jwks.endpoint.retry.backoff.max.ms = 10000
	sasl.oauthbearer.jwks.endpoint.retry.backoff.ms = 100
	sasl.oauthbearer.jwks.endpoint.url = null
	sasl.oauthbearer.scope.claim.name = scope
	sasl.oauthbearer.sub.claim.name = sub
	sasl.oauthbearer.token.endpoint.url = null
	sasl.server.callback.handler.class = null
	sasl.server.max.receive.size = 524288
	security.inter.broker.protocol = PLAINTEXT
	security.providers = null
	server.max.startup.time.ms = 9223372036854775807
	socket.connection.setup.timeout.max.ms = 30000
	socket.connection.setup.timeout.ms = 10000
	socket.listen.backlog.size = 50
	socket.receive.buffer.bytes = 102400
	socket.request.max.bytes = 104857600
	socket.send.buffer.bytes = 102400
	ssl.cipher.suites = []
	ssl.client.auth = none
	ssl.enabled.protocols = [TLSv1.2, TLSv1.3]
	ssl.endpoint.identification.algorithm = https
	ssl.engine.factory.class = null
	ssl.key.password = null
	ssl.keymanager.algorithm = SunX509
	ssl.keystore.certificate.chain = null
	ssl.keystore.key = null
	ssl.keystore.location = null
	ssl.keystore.password = null
	ssl.keystore.type = JKS
	ssl.principal.mapping.rules = DEFAULT
	ssl.protocol = TLSv1.3
	ssl.provider = null
	ssl.secure.random.implementation = null
	ssl.trustmanager.algorithm = PKIX
	ssl.truststore.certificates = null
	ssl.truststore.location = null
	ssl.truststore.password = null
	ssl.truststore.type = JKS
	transaction.abort.timed.out.transaction.cleanup.interval.ms = 10000
	transaction.max.timeout.ms = 900000
	transaction.partition.verification.enable = true
	transaction.remove.expired.transaction.cleanup.interval.ms = 3600000
	transaction.state.log.load.buffer.size = 5242880
	transaction.state.log.min.isr = 1
	transaction.state.log.num.partitions = 50
	transaction.state.log.replication.factor = 1
	transaction.state.log.segment.bytes = 104857600
	transactional.id.expiration.ms = 604800000
	unclean.leader.election.enable = false
	unstable.api.versions.enable = false
	zookeeper.clientCnxnSocket = null
	zookeeper.connect = null
	zookeeper.connection.timeout.ms = null
	zookeeper.max.in.flight.requests = 10
	zookeeper.metadata.migration.enable = false
	zookeeper.session.timeout.ms = 18000
	zookeeper.set.acl = false
	zookeeper.ssl.cipher.suites = null
	zookeeper.ssl.client.enable = false
	zookeeper.ssl.crl.enable = false
	zookeeper.ssl.enabled.protocols = null
	zookeeper.ssl.endpoint.identification.algorithm = HTTPS
	zookeeper.ssl.keystore.location = null
	zookeeper.ssl.keystore.password = null
	zookeeper.ssl.keystore.type = null
	zookeeper.ssl.ocsp.enable = false
	zookeeper.ssl.protocol = TLSv1.2
	zookeeper.ssl.truststore.location = null
	zookeeper.ssl.truststore.password = null
	zookeeper.ssl.truststore.type = null
 (kafka.server.KafkaConfig)
[2024-01-29 13:05:53,314] INFO [BrokerServer id=1] Waiting for the broker to be unfenced (kafka.server.BrokerServer)
[2024-01-29 13:05:53,350] INFO [BrokerLifecycleManager id=1] The broker has been unfenced. Transitioning from RECOVERY to RUNNING. (kafka.server.BrokerLifecycleManager)
[2024-01-29 13:05:53,368] INFO [BrokerServer id=1] Finished waiting for the broker to be unfenced (kafka.server.BrokerServer)
[2024-01-29 13:05:53,369] INFO authorizerStart completed for endpoint PLAINTEXT. Endpoint is now READY. (org.apache.kafka.server.network.EndpointReadyFutures)
[2024-01-29 13:05:53,369] INFO [SocketServer listenerType=BROKER, nodeId=1] Enabling request processing. (kafka.network.SocketServer)
[2024-01-29 13:05:53,370] ERROR Unable to start acceptor for ListenerName(PLAINTEXT) (kafka.network.DataPlaneAcceptor)
org.apache.kafka.common.KafkaException: Socket server failed to bind to 0.0.0.0:9092: Address already in use.
	at kafka.network.Acceptor.openServerSocket(SocketServer.scala:734)
	at kafka.network.Acceptor.liftedTree1$1(SocketServer.scala:637)
	at kafka.network.Acceptor.start(SocketServer.scala:632)
	at kafka.network.SocketServer.$anonfun$enableRequestProcessing$2(SocketServer.scala:222)
	at java.base/java.util.concurrent.CompletableFuture.uniWhenComplete(CompletableFuture.java:859)
	at java.base/java.util.concurrent.CompletableFuture.uniWhenCompleteStage(CompletableFuture.java:883)
	at java.base/java.util.concurrent.CompletableFuture.whenComplete(CompletableFuture.java:2257)
	at kafka.network.SocketServer.chainAcceptorFuture$1(SocketServer.scala:215)
	at kafka.network.SocketServer.$anonfun$enableRequestProcessing$5(SocketServer.scala:229)
	at java.base/java.util.concurrent.ConcurrentHashMap$ValuesView.forEach(ConcurrentHashMap.java:4770)
	at kafka.network.SocketServer.enableRequestProcessing(SocketServer.scala:229)
	at kafka.server.BrokerServer.startup(BrokerServer.scala:501)
	at kafka.server.KafkaRaftServer.$anonfun$startup$2(KafkaRaftServer.scala:96)
	at kafka.server.KafkaRaftServer.$anonfun$startup$2$adapted(KafkaRaftServer.scala:96)
	at scala.Option.foreach(Option.scala:437)
	at kafka.server.KafkaRaftServer.startup(KafkaRaftServer.scala:96)
	at kafka.Kafka$.main(Kafka.scala:113)
	at kafka.Kafka.main(Kafka.scala)
Caused by: java.net.BindException: Address already in use
	at java.base/sun.nio.ch.Net.bind0(Native Method)
	at java.base/sun.nio.ch.Net.bind(Net.java:459)
	at java.base/sun.nio.ch.Net.bind(Net.java:448)
	at java.base/sun.nio.ch.ServerSocketChannelImpl.bind(ServerSocketChannelImpl.java:227)
	at java.base/sun.nio.ch.ServerSocketAdaptor.bind(ServerSocketAdaptor.java:80)
	at kafka.network.Acceptor.openServerSocket(SocketServer.scala:730)
	... 17 more
[2024-01-29 13:05:53,373] INFO [BrokerServer id=1] Waiting for all of the authorizer futures to be completed (kafka.server.BrokerServer)
[2024-01-29 13:05:53,373] INFO [BrokerServer id=1] Finished waiting for all of the authorizer futures to be completed (kafka.server.BrokerServer)
[2024-01-29 13:05:53,373] INFO [BrokerServer id=1] Waiting for all of the SocketServer Acceptors to be started (kafka.server.BrokerServer)
[2024-01-29 13:05:53,373] ERROR [BrokerServer id=1] Received a fatal error while waiting for all of the SocketServer Acceptors to be started (kafka.server.BrokerServer)
java.lang.RuntimeException: Unable to start acceptor for ListenerName(PLAINTEXT)
	at kafka.network.Acceptor.liftedTree1$1(SocketServer.scala:652)
	at kafka.network.Acceptor.start(SocketServer.scala:632)
	at kafka.network.SocketServer.$anonfun$enableRequestProcessing$2(SocketServer.scala:222)
	at java.base/java.util.concurrent.CompletableFuture.uniWhenComplete(CompletableFuture.java:859)
	at java.base/java.util.concurrent.CompletableFuture.uniWhenCompleteStage(CompletableFuture.java:883)
	at java.base/java.util.concurrent.CompletableFuture.whenComplete(CompletableFuture.java:2257)
	at kafka.network.SocketServer.chainAcceptorFuture$1(SocketServer.scala:215)
	at kafka.network.SocketServer.$anonfun$enableRequestProcessing$5(SocketServer.scala:229)
	at java.base/java.util.concurrent.ConcurrentHashMap$ValuesView.forEach(ConcurrentHashMap.java:4770)
	at kafka.network.SocketServer.enableRequestProcessing(SocketServer.scala:229)
	at kafka.server.BrokerServer.startup(BrokerServer.scala:501)
	at kafka.server.KafkaRaftServer.$anonfun$startup$2(KafkaRaftServer.scala:96)
	at kafka.server.KafkaRaftServer.$anonfun$startup$2$adapted(KafkaRaftServer.scala:96)
	at scala.Option.foreach(Option.scala:437)
	at kafka.server.KafkaRaftServer.startup(KafkaRaftServer.scala:96)
	at kafka.Kafka$.main(Kafka.scala:113)
	at kafka.Kafka.main(Kafka.scala)
Caused by: org.apache.kafka.common.KafkaException: Socket server failed to bind to 0.0.0.0:9092: Address already in use.
	at kafka.network.Acceptor.openServerSocket(SocketServer.scala:734)
	at kafka.network.Acceptor.liftedTree1$1(SocketServer.scala:637)
	... 16 more
Caused by: java.net.BindException: Address already in use
	at java.base/sun.nio.ch.Net.bind0(Native Method)
	at java.base/sun.nio.ch.Net.bind(Net.java:459)
	at java.base/sun.nio.ch.Net.bind(Net.java:448)
	at java.base/sun.nio.ch.ServerSocketChannelImpl.bind(ServerSocketChannelImpl.java:227)
	at java.base/sun.nio.ch.ServerSocketAdaptor.bind(ServerSocketAdaptor.java:80)
	at kafka.network.Acceptor.openServerSocket(SocketServer.scala:730)
	... 17 more
[2024-01-29 13:05:53,374] INFO [BrokerServer id=1] Transition from STARTING to STARTED (kafka.server.BrokerServer)
[2024-01-29 13:05:53,376] ERROR [BrokerServer id=1] Fatal error during broker startup. Prepare to shutdown (kafka.server.BrokerServer)
java.lang.RuntimeException: Received a fatal error while waiting for all of the SocketServer Acceptors to be started
	at org.apache.kafka.server.util.FutureUtils.waitWithLogging(FutureUtils.java:68)
	at kafka.server.BrokerServer.startup(BrokerServer.scala:511)
	at kafka.server.KafkaRaftServer.$anonfun$startup$2(KafkaRaftServer.scala:96)
	at kafka.server.KafkaRaftServer.$anonfun$startup$2$adapted(KafkaRaftServer.scala:96)
	at scala.Option.foreach(Option.scala:437)
	at kafka.server.KafkaRaftServer.startup(KafkaRaftServer.scala:96)
	at kafka.Kafka$.main(Kafka.scala:113)
	at kafka.Kafka.main(Kafka.scala)
Caused by: java.lang.RuntimeException: Unable to start acceptor for ListenerName(PLAINTEXT)
	at kafka.network.Acceptor.liftedTree1$1(SocketServer.scala:652)
	at kafka.network.Acceptor.start(SocketServer.scala:632)
	at kafka.network.SocketServer.$anonfun$enableRequestProcessing$2(SocketServer.scala:222)
	at java.base/java.util.concurrent.CompletableFuture.uniWhenComplete(CompletableFuture.java:859)
	at java.base/java.util.concurrent.CompletableFuture.uniWhenCompleteStage(CompletableFuture.java:883)
	at java.base/java.util.concurrent.CompletableFuture.whenComplete(CompletableFuture.java:2257)
	at kafka.network.SocketServer.chainAcceptorFuture$1(SocketServer.scala:215)
	at kafka.network.SocketServer.$anonfun$enableRequestProcessing$5(SocketServer.scala:229)
	at java.base/java.util.concurrent.ConcurrentHashMap$ValuesView.forEach(ConcurrentHashMap.java:4770)
	at kafka.network.SocketServer.enableRequestProcessing(SocketServer.scala:229)
	at kafka.server.BrokerServer.startup(BrokerServer.scala:501)
	... 6 more
Caused by: org.apache.kafka.common.KafkaException: Socket server failed to bind to 0.0.0.0:9092: Address already in use.
	at kafka.network.Acceptor.openServerSocket(SocketServer.scala:734)
	at kafka.network.Acceptor.liftedTree1$1(SocketServer.scala:637)
	... 16 more
Caused by: java.net.BindException: Address already in use
	at java.base/sun.nio.ch.Net.bind0(Native Method)
	at java.base/sun.nio.ch.Net.bind(Net.java:459)
	at java.base/sun.nio.ch.Net.bind(Net.java:448)
	at java.base/sun.nio.ch.ServerSocketChannelImpl.bind(ServerSocketChannelImpl.java:227)
	at java.base/sun.nio.ch.ServerSocketAdaptor.bind(ServerSocketAdaptor.java:80)
	at kafka.network.Acceptor.openServerSocket(SocketServer.scala:730)
	... 17 more
[2024-01-29 13:05:53,376] INFO [BrokerServer id=1] Transition from STARTED to SHUTTING_DOWN (kafka.server.BrokerServer)
[2024-01-29 13:05:53,376] INFO [BrokerServer id=1] shutting down (kafka.server.BrokerServer)
[2024-01-29 13:05:53,377] INFO [BrokerLifecycleManager id=1] Beginning controlled shutdown. (kafka.server.BrokerLifecycleManager)
[2024-01-29 13:05:53,406] INFO [BrokerLifecycleManager id=1] The controller has asked us to exit controlled shutdown. (kafka.server.BrokerLifecycleManager)
[2024-01-29 13:05:53,423] INFO [BrokerLifecycleManager id=1] beginShutdown: shutting down event queue. (org.apache.kafka.queue.KafkaEventQueue)
[2024-01-29 13:05:53,424] INFO [BrokerLifecycleManager id=1] Transitioning from PENDING_CONTROLLED_SHUTDOWN to SHUTTING_DOWN. (kafka.server.BrokerLifecycleManager)
[2024-01-29 13:05:53,424] INFO [broker-1-to-controller-heartbeat-channel-manager]: Shutting down (kafka.server.BrokerToControllerRequestThread)
[2024-01-29 13:05:53,425] INFO [broker-1-to-controller-heartbeat-channel-manager]: Stopped (kafka.server.BrokerToControllerRequestThread)
[2024-01-29 13:05:53,425] INFO [broker-1-to-controller-heartbeat-channel-manager]: Shutdown completed (kafka.server.BrokerToControllerRequestThread)
[2024-01-29 13:05:53,425] INFO [SocketServer listenerType=BROKER, nodeId=1] Stopping socket server request processors (kafka.network.SocketServer)
[2024-01-29 13:05:53,433] INFO Broker to controller channel manager for heartbeat shutdown (kafka.server.BrokerToControllerChannelManagerImpl)
[2024-01-29 13:05:53,434] INFO [SocketServer listenerType=BROKER, nodeId=1] Stopped socket server request processors (kafka.network.SocketServer)
[2024-01-29 13:05:53,435] INFO [data-plane Kafka Request Handler on Broker 1], shutting down (kafka.server.KafkaRequestHandlerPool)
[2024-01-29 13:05:53,436] INFO [data-plane Kafka Request Handler on Broker 1], shut down completely (kafka.server.KafkaRequestHandlerPool)
[2024-01-29 13:05:53,437] INFO [ExpirationReaper-1-AlterAcls]: Shutting down (kafka.server.DelayedOperationPurgatory$ExpiredOperationReaper)
[2024-01-29 13:05:53,437] INFO [ExpirationReaper-1-AlterAcls]: Stopped (kafka.server.DelayedOperationPurgatory$ExpiredOperationReaper)
[2024-01-29 13:05:53,437] INFO [ExpirationReaper-1-AlterAcls]: Shutdown completed (kafka.server.DelayedOperationPurgatory$ExpiredOperationReaper)
[2024-01-29 13:05:53,438] INFO [KafkaApi-1] Shutdown complete. (kafka.server.KafkaApis)
[2024-01-29 13:05:53,441] INFO [TransactionCoordinator id=1] Shutting down. (kafka.coordinator.transaction.TransactionCoordinator)
[2024-01-29 13:05:53,441] INFO [Transaction State Manager 1]: Shutdown complete (kafka.coordinator.transaction.TransactionStateManager)
[2024-01-29 13:05:53,441] INFO [TxnMarkerSenderThread-1]: Shutting down (kafka.coordinator.transaction.TransactionMarkerChannelManager)
[2024-01-29 13:05:53,442] INFO [TxnMarkerSenderThread-1]: Stopped (kafka.coordinator.transaction.TransactionMarkerChannelManager)
[2024-01-29 13:05:53,442] INFO [TxnMarkerSenderThread-1]: Shutdown completed (kafka.coordinator.transaction.TransactionMarkerChannelManager)
[2024-01-29 13:05:53,445] INFO [TransactionCoordinator id=1] Shutdown complete. (kafka.coordinator.transaction.TransactionCoordinator)
[2024-01-29 13:05:53,445] INFO [GroupCoordinator 1]: Shutting down. (kafka.coordinator.group.GroupCoordinator)
[2024-01-29 13:05:53,446] INFO [ExpirationReaper-1-Heartbeat]: Shutting down (kafka.server.DelayedOperationPurgatory$ExpiredOperationReaper)
[2024-01-29 13:05:53,446] INFO [ExpirationReaper-1-Heartbeat]: Stopped (kafka.server.DelayedOperationPurgatory$ExpiredOperationReaper)
[2024-01-29 13:05:53,446] INFO [ExpirationReaper-1-Heartbeat]: Shutdown completed (kafka.server.DelayedOperationPurgatory$ExpiredOperationReaper)
[2024-01-29 13:05:53,446] INFO [ExpirationReaper-1-Rebalance]: Shutting down (kafka.server.DelayedOperationPurgatory$ExpiredOperationReaper)
[2024-01-29 13:05:53,447] INFO [ExpirationReaper-1-Rebalance]: Stopped (kafka.server.DelayedOperationPurgatory$ExpiredOperationReaper)
[2024-01-29 13:05:53,447] INFO [ExpirationReaper-1-Rebalance]: Shutdown completed (kafka.server.DelayedOperationPurgatory$ExpiredOperationReaper)
[2024-01-29 13:05:53,447] INFO [GroupCoordinator 1]: Shutdown complete. (kafka.coordinator.group.GroupCoordinator)
[2024-01-29 13:05:53,448] INFO [ReplicaManager broker=1] Shutting down (kafka.server.ReplicaManager)
[2024-01-29 13:05:53,449] INFO [LogDirFailureHandler]: Shutting down (kafka.server.ReplicaManager$LogDirFailureHandler)
[2024-01-29 13:05:53,449] INFO [LogDirFailureHandler]: Stopped (kafka.server.ReplicaManager$LogDirFailureHandler)
[2024-01-29 13:05:53,449] INFO [LogDirFailureHandler]: Shutdown completed (kafka.server.ReplicaManager$LogDirFailureHandler)
[2024-01-29 13:05:53,449] INFO [ReplicaFetcherManager on broker 1] shutting down (kafka.server.ReplicaFetcherManager)
[2024-01-29 13:05:53,450] INFO [ReplicaFetcherManager on broker 1] shutdown completed (kafka.server.ReplicaFetcherManager)
[2024-01-29 13:05:53,450] INFO [ReplicaAlterLogDirsManager on broker 1] shutting down (kafka.server.ReplicaAlterLogDirsManager)
[2024-01-29 13:05:53,450] INFO [ReplicaAlterLogDirsManager on broker 1] shutdown completed (kafka.server.ReplicaAlterLogDirsManager)
[2024-01-29 13:05:53,451] INFO [ExpirationReaper-1-Fetch]: Shutting down (kafka.server.DelayedOperationPurgatory$ExpiredOperationReaper)
[2024-01-29 13:05:53,451] INFO [ExpirationReaper-1-Fetch]: Stopped (kafka.server.DelayedOperationPurgatory$ExpiredOperationReaper)
[2024-01-29 13:05:53,451] INFO [ExpirationReaper-1-Fetch]: Shutdown completed (kafka.server.DelayedOperationPurgatory$ExpiredOperationReaper)
[2024-01-29 13:05:53,451] INFO [ExpirationReaper-1-RemoteFetch]: Shutting down (kafka.server.DelayedOperationPurgatory$ExpiredOperationReaper)
[2024-01-29 13:05:53,452] INFO [ExpirationReaper-1-RemoteFetch]: Stopped (kafka.server.DelayedOperationPurgatory$ExpiredOperationReaper)
[2024-01-29 13:05:53,452] INFO [ExpirationReaper-1-RemoteFetch]: Shutdown completed (kafka.server.DelayedOperationPurgatory$ExpiredOperationReaper)
[2024-01-29 13:05:53,452] INFO [ExpirationReaper-1-Produce]: Shutting down (kafka.server.DelayedOperationPurgatory$ExpiredOperationReaper)
[2024-01-29 13:05:53,452] INFO [ExpirationReaper-1-Produce]: Stopped (kafka.server.DelayedOperationPurgatory$ExpiredOperationReaper)
[2024-01-29 13:05:53,452] INFO [ExpirationReaper-1-Produce]: Shutdown completed (kafka.server.DelayedOperationPurgatory$ExpiredOperationReaper)
[2024-01-29 13:05:53,453] INFO [ExpirationReaper-1-DeleteRecords]: Shutting down (kafka.server.DelayedOperationPurgatory$ExpiredOperationReaper)
[2024-01-29 13:05:53,453] INFO [ExpirationReaper-1-DeleteRecords]: Stopped (kafka.server.DelayedOperationPurgatory$ExpiredOperationReaper)
[2024-01-29 13:05:53,453] INFO [ExpirationReaper-1-DeleteRecords]: Shutdown completed (kafka.server.DelayedOperationPurgatory$ExpiredOperationReaper)
[2024-01-29 13:05:53,454] INFO [ExpirationReaper-1-ElectLeader]: Shutting down (kafka.server.DelayedOperationPurgatory$ExpiredOperationReaper)
[2024-01-29 13:05:53,454] INFO [ExpirationReaper-1-ElectLeader]: Stopped (kafka.server.DelayedOperationPurgatory$ExpiredOperationReaper)
[2024-01-29 13:05:53,454] INFO [ExpirationReaper-1-ElectLeader]: Shutdown completed (kafka.server.DelayedOperationPurgatory$ExpiredOperationReaper)
[2024-01-29 13:05:53,455] INFO [AddPartitionsToTxnSenderThread-1]: Shutting down (kafka.server.AddPartitionsToTxnManager)
[2024-01-29 13:05:53,456] INFO [AddPartitionsToTxnSenderThread-1]: Stopped (kafka.server.AddPartitionsToTxnManager)
[2024-01-29 13:05:53,456] INFO [AddPartitionsToTxnSenderThread-1]: Shutdown completed (kafka.server.AddPartitionsToTxnManager)
[2024-01-29 13:05:53,456] INFO [ReplicaManager broker=1] Shut down completely (kafka.server.ReplicaManager)
[2024-01-29 13:05:53,457] INFO [broker-1-to-controller-alter-partition-channel-manager]: Shutting down (kafka.server.BrokerToControllerRequestThread)
[2024-01-29 13:05:53,457] INFO [broker-1-to-controller-alter-partition-channel-manager]: Stopped (kafka.server.BrokerToControllerRequestThread)
[2024-01-29 13:05:53,457] INFO [broker-1-to-controller-alter-partition-channel-manager]: Shutdown completed (kafka.server.BrokerToControllerRequestThread)
[2024-01-29 13:05:53,457] INFO Broker to controller channel manager for alter-partition shutdown (kafka.server.BrokerToControllerChannelManagerImpl)
[2024-01-29 13:05:53,457] INFO [broker-1-to-controller-forwarding-channel-manager]: Shutting down (kafka.server.BrokerToControllerRequestThread)
[2024-01-29 13:05:53,458] INFO [broker-1-to-controller-forwarding-channel-manager]: Stopped (kafka.server.BrokerToControllerRequestThread)
[2024-01-29 13:05:53,458] INFO [broker-1-to-controller-forwarding-channel-manager]: Shutdown completed (kafka.server.BrokerToControllerRequestThread)
[2024-01-29 13:05:53,458] INFO Broker to controller channel manager for forwarding shutdown (kafka.server.BrokerToControllerChannelManagerImpl)
[2024-01-29 13:05:53,458] INFO Shutting down. (kafka.log.LogManager)
[2024-01-29 13:05:53,460] INFO [kafka-log-cleaner-thread-0]: Shutting down (kafka.log.LogCleaner$CleanerThread)
[2024-01-29 13:05:53,461] INFO [kafka-log-cleaner-thread-0]: Stopped (kafka.log.LogCleaner$CleanerThread)
[2024-01-29 13:05:53,461] INFO [kafka-log-cleaner-thread-0]: Shutdown completed (kafka.log.LogCleaner$CleanerThread)
[2024-01-29 13:05:53,527] INFO Shutdown complete. (kafka.log.LogManager)
[2024-01-29 13:05:53,528] INFO [broker-1-ThrottledChannelReaper-Fetch]: Shutting down (kafka.server.ClientQuotaManager$ThrottledChannelReaper)
[2024-01-29 13:05:53,529] INFO [broker-1-ThrottledChannelReaper-Fetch]: Stopped (kafka.server.ClientQuotaManager$ThrottledChannelReaper)
[2024-01-29 13:05:53,530] INFO [broker-1-ThrottledChannelReaper-Fetch]: Shutdown completed (kafka.server.ClientQuotaManager$ThrottledChannelReaper)
[2024-01-29 13:05:53,530] INFO [broker-1-ThrottledChannelReaper-Produce]: Shutting down (kafka.server.ClientQuotaManager$ThrottledChannelReaper)
[2024-01-29 13:05:53,530] INFO [broker-1-ThrottledChannelReaper-Produce]: Stopped (kafka.server.ClientQuotaManager$ThrottledChannelReaper)
[2024-01-29 13:05:53,530] INFO [broker-1-ThrottledChannelReaper-Produce]: Shutdown completed (kafka.server.ClientQuotaManager$ThrottledChannelReaper)
[2024-01-29 13:05:53,531] INFO [broker-1-ThrottledChannelReaper-Request]: Shutting down (kafka.server.ClientQuotaManager$ThrottledChannelReaper)
[2024-01-29 13:05:53,531] INFO [broker-1-ThrottledChannelReaper-Request]: Stopped (kafka.server.ClientQuotaManager$ThrottledChannelReaper)
[2024-01-29 13:05:53,531] INFO [broker-1-ThrottledChannelReaper-Request]: Shutdown completed (kafka.server.ClientQuotaManager$ThrottledChannelReaper)
[2024-01-29 13:05:53,531] INFO [broker-1-ThrottledChannelReaper-ControllerMutation]: Shutting down (kafka.server.ClientQuotaManager$ThrottledChannelReaper)
[2024-01-29 13:05:53,531] INFO [broker-1-ThrottledChannelReaper-ControllerMutation]: Stopped (kafka.server.ClientQuotaManager$ThrottledChannelReaper)
[2024-01-29 13:05:53,531] INFO [broker-1-ThrottledChannelReaper-ControllerMutation]: Shutdown completed (kafka.server.ClientQuotaManager$ThrottledChannelReaper)
[2024-01-29 13:05:53,532] INFO [SocketServer listenerType=BROKER, nodeId=1] Shutting down socket server (kafka.network.SocketServer)
[2024-01-29 13:05:53,544] INFO [SocketServer listenerType=BROKER, nodeId=1] Shutdown completed (kafka.network.SocketServer)
[2024-01-29 13:05:53,545] INFO Broker and topic stats closed (kafka.server.BrokerTopicStats)
[2024-01-29 13:05:53,545] INFO [BrokerLifecycleManager id=1] closed event queue. (org.apache.kafka.queue.KafkaEventQueue)
[2024-01-29 13:05:53,546] INFO [BrokerServer id=1] shut down completed (kafka.server.BrokerServer)
[2024-01-29 13:05:53,546] INFO [BrokerServer id=1] Transition from SHUTTING_DOWN to SHUTDOWN (kafka.server.BrokerServer)
[2024-01-29 13:05:53,546] ERROR Exiting Kafka due to fatal exception during startup. (kafka.Kafka$)
java.lang.RuntimeException: Received a fatal error while waiting for all of the SocketServer Acceptors to be started
	at org.apache.kafka.server.util.FutureUtils.waitWithLogging(FutureUtils.java:68)
	at kafka.server.BrokerServer.startup(BrokerServer.scala:511)
	at kafka.server.KafkaRaftServer.$anonfun$startup$2(KafkaRaftServer.scala:96)
	at kafka.server.KafkaRaftServer.$anonfun$startup$2$adapted(KafkaRaftServer.scala:96)
	at scala.Option.foreach(Option.scala:437)
	at kafka.server.KafkaRaftServer.startup(KafkaRaftServer.scala:96)
	at kafka.Kafka$.main(Kafka.scala:113)
	at kafka.Kafka.main(Kafka.scala)
Caused by: java.lang.RuntimeException: Unable to start acceptor for ListenerName(PLAINTEXT)
	at kafka.network.Acceptor.liftedTree1$1(SocketServer.scala:652)
	at kafka.network.Acceptor.start(SocketServer.scala:632)
	at kafka.network.SocketServer.$anonfun$enableRequestProcessing$2(SocketServer.scala:222)
	at java.base/java.util.concurrent.CompletableFuture.uniWhenComplete(CompletableFuture.java:859)
	at java.base/java.util.concurrent.CompletableFuture.uniWhenCompleteStage(CompletableFuture.java:883)
	at java.base/java.util.concurrent.CompletableFuture.whenComplete(CompletableFuture.java:2257)
	at kafka.network.SocketServer.chainAcceptorFuture$1(SocketServer.scala:215)
	at kafka.network.SocketServer.$anonfun$enableRequestProcessing$5(SocketServer.scala:229)
	at java.base/java.util.concurrent.ConcurrentHashMap$ValuesView.forEach(ConcurrentHashMap.java:4770)
	at kafka.network.SocketServer.enableRequestProcessing(SocketServer.scala:229)
	at kafka.server.BrokerServer.startup(BrokerServer.scala:501)
	... 6 more
Caused by: org.apache.kafka.common.KafkaException: Socket server failed to bind to 0.0.0.0:9092: Address already in use.
	at kafka.network.Acceptor.openServerSocket(SocketServer.scala:734)
	at kafka.network.Acceptor.liftedTree1$1(SocketServer.scala:637)
	... 16 more
Caused by: java.net.BindException: Address already in use
	at java.base/sun.nio.ch.Net.bind0(Native Method)
	at java.base/sun.nio.ch.Net.bind(Net.java:459)
	at java.base/sun.nio.ch.Net.bind(Net.java:448)
	at java.base/sun.nio.ch.ServerSocketChannelImpl.bind(ServerSocketChannelImpl.java:227)
	at java.base/sun.nio.ch.ServerSocketAdaptor.bind(ServerSocketAdaptor.java:80)
	at kafka.network.Acceptor.openServerSocket(SocketServer.scala:730)
	... 17 more
[2024-01-29 13:05:53,547] INFO [ControllerServer id=1] shutting down (kafka.server.ControllerServer)
[2024-01-29 13:05:53,548] INFO [raft-expiration-reaper]: Shutting down (kafka.raft.TimingWheelExpirationService$ExpiredOperationReaper)
[2024-01-29 13:05:53,648] INFO [raft-expiration-reaper]: Shutdown completed (kafka.raft.TimingWheelExpirationService$ExpiredOperationReaper)
[2024-01-29 13:05:53,648] INFO [raft-expiration-reaper]: Stopped (kafka.raft.TimingWheelExpirationService$ExpiredOperationReaper)
[2024-01-29 13:05:53,650] INFO [kafka-1-raft-io-thread]: Shutting down (kafka.raft.KafkaRaftManager$RaftIoThread)
[2024-01-29 13:05:53,650] INFO [RaftManager id=1] Beginning graceful shutdown (org.apache.kafka.raft.KafkaRaftClient)
[2024-01-29 13:05:53,651] INFO [RaftManager id=1] Graceful shutdown completed (org.apache.kafka.raft.KafkaRaftClient)
[2024-01-29 13:05:53,652] INFO [kafka-1-raft-io-thread]: Completed graceful shutdown of RaftClient (kafka.raft.KafkaRaftManager$RaftIoThread)
[2024-01-29 13:05:53,652] INFO [kafka-1-raft-io-thread]: Stopped (kafka.raft.KafkaRaftManager$RaftIoThread)
[2024-01-29 13:05:53,652] INFO [kafka-1-raft-io-thread]: Shutdown completed (kafka.raft.KafkaRaftManager$RaftIoThread)
[2024-01-29 13:05:53,676] INFO [kafka-1-raft-outbound-request-thread]: Shutting down (kafka.raft.RaftSendThread)
[2024-01-29 13:05:53,677] INFO [kafka-1-raft-outbound-request-thread]: Shutdown completed (kafka.raft.RaftSendThread)
[2024-01-29 13:05:53,677] INFO [kafka-1-raft-outbound-request-thread]: Stopped (kafka.raft.RaftSendThread)
[2024-01-29 13:05:53,698] INFO [ProducerStateManager partition=__cluster_metadata-0]Wrote producer snapshot at offset 9 with 0 producer ids in 20 ms. (org.apache.kafka.storage.internals.log.ProducerStateManager)
[2024-01-29 13:05:53,729] INFO [SocketServer listenerType=CONTROLLER, nodeId=1] Stopping socket server request processors (kafka.network.SocketServer)
[2024-01-29 13:05:53,733] INFO [SocketServer listenerType=CONTROLLER, nodeId=1] Stopped socket server request processors (kafka.network.SocketServer)
[2024-01-29 13:05:53,733] INFO [QuorumController id=1] QuorumController#beginShutdown: shutting down event queue. (org.apache.kafka.queue.KafkaEventQueue)
[2024-01-29 13:05:53,734] INFO [SocketServer listenerType=CONTROLLER, nodeId=1] Shutting down socket server (kafka.network.SocketServer)
[2024-01-29 13:05:53,738] INFO [SocketServer listenerType=CONTROLLER, nodeId=1] Shutdown completed (kafka.network.SocketServer)
[2024-01-29 13:05:53,739] INFO [data-plane Kafka Request Handler on Broker 1], shutting down (kafka.server.KafkaRequestHandlerPool)
[2024-01-29 13:05:53,739] INFO [data-plane Kafka Request Handler on Broker 1], shut down completely (kafka.server.KafkaRequestHandlerPool)
[2024-01-29 13:05:53,739] INFO [ExpirationReaper-1-AlterAcls]: Shutting down (kafka.server.DelayedOperationPurgatory$ExpiredOperationReaper)
[2024-01-29 13:05:53,740] INFO [ExpirationReaper-1-AlterAcls]: Stopped (kafka.server.DelayedOperationPurgatory$ExpiredOperationReaper)
[2024-01-29 13:05:53,740] INFO [ExpirationReaper-1-AlterAcls]: Shutdown completed (kafka.server.DelayedOperationPurgatory$ExpiredOperationReaper)
[2024-01-29 13:05:53,740] INFO [controller-1-ThrottledChannelReaper-Fetch]: Shutting down (kafka.server.ClientQuotaManager$ThrottledChannelReaper)
[2024-01-29 13:05:53,741] INFO [controller-1-ThrottledChannelReaper-Fetch]: Stopped (kafka.server.ClientQuotaManager$ThrottledChannelReaper)
[2024-01-29 13:05:53,741] INFO [controller-1-ThrottledChannelReaper-Fetch]: Shutdown completed (kafka.server.ClientQuotaManager$ThrottledChannelReaper)
[2024-01-29 13:05:53,741] INFO [controller-1-ThrottledChannelReaper-Produce]: Shutting down (kafka.server.ClientQuotaManager$ThrottledChannelReaper)
[2024-01-29 13:05:53,741] INFO [controller-1-ThrottledChannelReaper-Produce]: Stopped (kafka.server.ClientQuotaManager$ThrottledChannelReaper)
[2024-01-29 13:05:53,741] INFO [controller-1-ThrottledChannelReaper-Produce]: Shutdown completed (kafka.server.ClientQuotaManager$ThrottledChannelReaper)
[2024-01-29 13:05:53,741] INFO [controller-1-ThrottledChannelReaper-Request]: Shutting down (kafka.server.ClientQuotaManager$ThrottledChannelReaper)
[2024-01-29 13:05:53,741] INFO [controller-1-ThrottledChannelReaper-Request]: Stopped (kafka.server.ClientQuotaManager$ThrottledChannelReaper)
[2024-01-29 13:05:53,741] INFO [controller-1-ThrottledChannelReaper-Request]: Shutdown completed (kafka.server.ClientQuotaManager$ThrottledChannelReaper)
[2024-01-29 13:05:53,741] INFO [controller-1-ThrottledChannelReaper-ControllerMutation]: Shutting down (kafka.server.ClientQuotaManager$ThrottledChannelReaper)
[2024-01-29 13:05:53,742] INFO [controller-1-ThrottledChannelReaper-ControllerMutation]: Stopped (kafka.server.ClientQuotaManager$ThrottledChannelReaper)
[2024-01-29 13:05:53,742] INFO [controller-1-ThrottledChannelReaper-ControllerMutation]: Shutdown completed (kafka.server.ClientQuotaManager$ThrottledChannelReaper)
[2024-01-29 13:05:53,742] INFO [QuorumController id=1] closed event queue. (org.apache.kafka.queue.KafkaEventQueue)
[2024-01-29 13:05:53,743] INFO [SharedServer id=1] Stopping SharedServer (kafka.server.SharedServer)
[2024-01-29 13:05:53,744] INFO [MetadataLoader id=1] beginShutdown: shutting down event queue. (org.apache.kafka.queue.KafkaEventQueue)
[2024-01-29 13:05:53,744] INFO [SnapshotGenerator id=1] close: shutting down event queue. (org.apache.kafka.queue.KafkaEventQueue)
[2024-01-29 13:05:53,744] INFO [SnapshotGenerator id=1] closed event queue. (org.apache.kafka.queue.KafkaEventQueue)
[2024-01-29 13:05:53,744] INFO [MetadataLoader id=1] closed event queue. (org.apache.kafka.queue.KafkaEventQueue)
[2024-01-29 13:05:53,744] INFO [SnapshotGenerator id=1] closed event queue. (org.apache.kafka.queue.KafkaEventQueue)
[2024-01-29 13:05:53,745] INFO Metrics scheduler closed (org.apache.kafka.common.metrics.Metrics)
[2024-01-29 13:05:53,745] INFO Closing reporter org.apache.kafka.common.metrics.JmxReporter (org.apache.kafka.common.metrics.Metrics)
[2024-01-29 13:05:53,745] INFO Metrics reporters closed (org.apache.kafka.common.metrics.Metrics)
[2024-01-29 13:05:53,746] INFO App info kafka.server for 1 unregistered (org.apache.kafka.common.utils.AppInfoParser)
[2024-01-29 13:05:53,746] INFO App info kafka.server for 1 unregistered (org.apache.kafka.common.utils.AppInfoParser)
